<?xml version="1.0" encoding="UTF-8"?>
<!-- Generated by org.testng.reporters.JUnitXMLReporter -->
<testsuite ignored="0" hostname="DESKTOP-50POJSR" failures="0" tests="2" name="Default test" time="1.903" errors="0" timestamp="2024-11-11T17:56:56 IST">
  <testcase classname="com.minza.hrm.api.projecttest.ProjectTest" name="addSingleProjectWithCreated" time="1.743"/>
  <testcase classname="com.minza.hrm.api.projecttest.ProjectTest" name="createduplicateProjectTest" time="0.125"/>
</testsuite> <!-- Default test -->
