<?xml version="1.0" encoding="UTF-8"?>
<!-- Generated by org.testng.reporters.JUnitXMLReporter -->
<testsuite ignored="0" hostname="DESKTOP-50POJSR" failures="0" tests="4" name="Test" time="2.515" errors="0" timestamp="2024-11-11T17:57:17 IST">
  <testcase classname="com.ninza.hrm.api.employeetest.EmployeeTest" name="addEmployeeTest" time="1.479"/>
  <testcase classname="com.ninza.hrm.api.employeetest.EmployeeTest" name="addEmployeeWithoutEmailTest" time="0.273"/>
  <testcase classname="com.minza.hrm.api.projecttest.ProjectTest" name="addSingleProjectWithCreated" time="0.599"/>
  <testcase classname="com.minza.hrm.api.projecttest.ProjectTest" name="createduplicateProjectTest" time="0.12"/>
</testsuite> <!-- Test -->
