<?xml version="1.0" encoding="UTF-8"?>
<testng-results ignored="0" total="1" passed="1" failed="0" skipped="0">
  <reporter-output>
  </reporter-output>
  <suite started-at="2024-07-18T13:23:44Z" name="Surefire suite" finished-at="2024-07-18T13:23:44Z" duration-ms="16">
    <groups>
    </groups>
    <test started-at="2024-07-18T13:23:44Z" name="Surefire test" finished-at="2024-07-18T13:23:44Z" duration-ms="16">
      <class name="testScript.REadruntimeparametertest">
        <test-method signature="runtimeParameterTest()[pri:0, instance:testScript.REadruntimeparametertest@a1153bc]" started-at="2024-07-18T13:23:44Z" name="runtimeParameterTest" finished-at="2024-07-18T13:23:44Z" duration-ms="0" status="PASS">
          <reporter-output>
          </reporter-output>
        </test-method> <!-- runtimeParameterTest -->
      </class> <!-- testScript.REadruntimeparametertest -->
    </test> <!-- Surefire test -->
  </suite> <!-- Surefire suite -->
</testng-results>
